2025-05-25 15:38:57,733 - root - INFO - Created folder: folder_path
2025-05-25 15:38:57,738 - root - INFO - Moved 'Age .jpg' to 'Images'
2025-05-25 15:38:57,740 - root - INFO - Created folder: folder_path
2025-05-25 15:38:57,742 - root - INFO - Moved 'Age .uxf' to 'Others'
2025-05-25 15:38:57,747 - root - INFO - Moved 'Assignment01 HTML.zip' to 'Others'
2025-05-25 15:38:57,750 - root - INFO - Moved 'Assignment01.uxf' to 'Others'
2025-05-25 15:38:57,755 - root - INFO - Moved 'Assignment02 HTML.zip' to 'Others'
2025-05-25 15:38:57,758 - root - INFO - Moved 'cone final.jpg' to 'Images'
2025-05-25 15:38:57,761 - root - INFO - Moved 'cone final.uxf' to 'Others'
2025-05-25 15:38:57,765 - root - INFO - Moved 'cone.jpg' to 'Images'
2025-05-25 15:38:57,768 - root - INFO - Moved 'cone.uxf' to 'Others'
2025-05-25 15:38:57,772 - root - INFO - Moved 'Emerging Trends in the Workplace.docx' to 'Others'
2025-05-25 15:38:57,776 - root - INFO - Moved 'Employee_Hobbies.xlsx' to 'Others'
2025-05-25 15:38:57,779 - root - INFO - Moved 'English_Survey_Report.docx' to 'Others'
2025-05-25 15:38:57,782 - root - INFO - Moved 'exported_file.csv' to 'Others'
2025-05-25 15:38:57,786 - root - INFO - Moved 'final uml lab 2.jpg' to 'Images'
2025-05-25 15:38:57,788 - root - INFO - Moved 'Hybrid 3 UML class diagram Car.jpg' to 'Images'
2025-05-25 15:38:57,791 - root - INFO - Moved 'Hybrid 3 UML class diagram Car.png' to 'Images'
2025-05-25 15:38:57,794 - root - INFO - Moved 'Java Interview.docx' to 'Others'
2025-05-25 15:38:57,798 - root - INFO - Moved 'javascript-amazon-project-main.zip' to 'Others'
2025-05-25 15:38:57,801 - root - INFO - Moved 'Lab3.zip' to 'Others'
2025-05-25 15:38:57,805 - root - INFO - Moved 'lab3_WS_task2.pcapng' to 'Others'
2025-05-25 15:38:57,808 - root - INFO - Moved 'lab3_ws_task3_arp.png' to 'Images'
2025-05-25 15:38:57,811 - root - INFO - Moved 'lab3_ws_task3_http.png' to 'Images'
2025-05-25 15:38:57,815 - root - INFO - Moved 'Lab4_HTML.zip' to 'Others'
2025-05-25 15:38:57,818 - root - INFO - Moved 'Lab6-Model-Initial.mwb' to 'Others'
2025-05-25 15:38:57,821 - root - INFO - Moved 'Lab6-Model-Initial.mwb.bak' to 'Others'
2025-05-25 15:38:57,824 - root - INFO - Moved 'Lab6-Model-PartB.mwb' to 'Others'
2025-05-25 15:38:57,826 - root - INFO - Moved 'Lab6-Model-PartB.mwb.bak' to 'Others'
2025-05-25 15:38:57,834 - root - INFO - Moved 'mindmapweek1-5.docx' to 'Others'
2025-05-25 15:38:57,838 - root - INFO - Moved 'portfolio_sql_queries.sql' to 'Others'
2025-05-25 15:38:57,843 - root - INFO - Moved 'Recommendation Report Outline.docx' to 'Others'
2025-05-25 15:38:57,847 - root - INFO - Moved 'Recommendation Report.docx' to 'Others'
2025-05-25 15:38:57,850 - root - INFO - Moved 'RectangularBox.jpg' to 'Images'
2025-05-25 15:38:57,852 - root - INFO - Moved 'RectangularBox.uxf' to 'Others'
2025-05-25 15:38:57,855 - root - INFO - Moved 'soap.jpg' to 'Images'
2025-05-25 15:38:57,858 - root - INFO - Moved 'soap.uxf' to 'Others'
2025-05-25 15:38:57,861 - root - INFO - Moved 'Student-Course DBM.dbm' to 'Others'
2025-05-25 15:38:57,865 - root - INFO - Moved 'Student_Course.png' to 'Images'
2025-05-25 15:38:57,868 - root - INFO - Moved 'Student_Course.sql.DDL.File.sql' to 'Others'
2025-05-25 15:38:57,872 - root - INFO - Moved 'student_transcript.PDF' to 'Others'
2025-05-25 15:38:57,875 - root - INFO - Moved 'Tachnical Manual Power BI.docx' to 'Others'
2025-05-25 15:38:57,879 - root - INFO - Moved 'task2.jpg' to 'Images'
2025-05-25 15:38:57,881 - root - INFO - Moved 'Technical Manual Power BI.docx' to 'Others'
2025-05-25 15:38:57,884 - root - INFO - Moved 'testing.zip' to 'Others'
2025-05-25 15:38:57,887 - root - INFO - Moved 'Traditional Outline Note-Taking Method.docx' to 'Others'
2025-05-25 15:38:57,890 - root - INFO - Moved 'Uml car class java output.PNG' to 'Images'
2025-05-25 15:38:57,895 - root - INFO - Moved 'Vaani.txt' to 'Others'
2025-05-25 15:38:57,899 - root - INFO - Moved 'VaaniEncrypted.txt' to 'Others'
2025-05-25 15:38:57,903 - root - INFO - Moved 'VaaniEncryptedDecrypted.txt' to 'Others'
2025-05-25 15:38:57,908 - root - INFO - Moved 'Venkata_Srivani_Yeduru.zip' to 'Others'
2025-05-25 15:38:57,912 - root - INFO - Moved 'Venkata_Srivani_Yeduru_Hybrid_Test_1.docx' to 'Others'
2025-05-25 15:41:04,616 - root - INFO - Created folder: folder_path
2025-05-25 15:41:04,620 - root - INFO - Moved '.emulator_console_auth_token' to 'Others'
2025-05-25 15:41:04,623 - root - INFO - Moved '.gitconfig' to 'Others'
2025-05-25 15:41:04,634 - root - INFO - Moved '.packettracer' to 'Others'
2025-05-25 15:41:04,638 - root - INFO - Moved '.scala_history_jline3' to 'Others'
2025-05-25 15:41:04,644 - root - INFO - Moved 'b section queries.sql' to 'Others'
2025-05-25 15:41:04,647 - root - INFO - Moved 'battery-report.html' to 'Others'
2025-05-25 15:41:04,650 - root - INFO - Moved 'cd' to 'Others'
2025-05-25 15:41:04,654 - root - INFO - Moved 'customer_package.sql' to 'Others'
2025-05-25 15:41:04,657 - root - INFO - Moved 'Desktop.lnk' to 'Others'
2025-05-25 15:41:04,661 - root - INFO - Created folder: folder_path
2025-05-25 15:41:04,663 - root - INFO - Moved 'Hotel-Booking.png' to 'Images'
2025-05-25 15:41:04,666 - root - INFO - Moved 'Hotel-Booking.sql' to 'Others'
2025-05-25 15:41:04,669 - root - INFO - Moved 'HotelBooking.dbm' to 'Others'
2025-05-25 15:41:04,673 - root - INFO - Moved 'java' to 'Others'
2025-05-25 15:41:04,676 - root - INFO - Moved 'javac' to 'Others'
2025-05-25 15:41:04,679 - root - INFO - Moved 'lab 8 pg modelor.dbm' to 'Others'
2025-05-25 15:41:04,681 - root - INFO - Moved 'Lab8.png' to 'Images'
2025-05-25 15:41:04,684 - root - INFO - Moved 'Lab9-DDL-New_Customer.sql' to 'Others'
2025-05-25 15:41:04,688 - root - INFO - Moved 'Lab_9-DDL-Sequences.sql' to 'Others'
2025-05-25 15:41:04,691 - root - INFO - Moved 'Lab_9-DML-Single_SELECT.sql' to 'Others'
2025-05-25 15:41:04,694 - root - INFO - Moved 'Lab_9-PLTest_Script.sql' to 'Others'
2025-05-25 15:41:04,698 - root - INFO - Moved 'myexample' to 'Others'
2025-05-25 15:41:04,704 - root - ERROR - Error occurred: [WinError 32] The process cannot access the file because it is being used by another process
2025-05-25 15:57:12,486 - root - INFO - Moved 'test.bmp' to 'Others'
2025-05-25 15:57:12,489 - root - INFO - Created folder: C:\Vaani\Documents
2025-05-25 15:57:12,494 - root - INFO - Moved 'test.docx' to 'Documents'
2025-05-25 15:57:12,497 - root - INFO - Moved 'test.pptx' to 'Documents'
2025-05-25 15:57:12,499 - root - INFO - Moved 'test.sql' to 'Documents'
2025-05-25 15:57:12,503 - root - INFO - Moved 'test.txt' to 'Documents'
2025-05-25 15:57:12,504 - root - INFO - Created folder: C:\Vaani\Archives
2025-05-25 15:57:12,507 - root - INFO - Moved 'test.zip' to 'Archives'
